<?xml version="1.0" encoding="UTF-8"?>
<!-- Generated by org.testng.reporters.JUnitReportReporter -->
<testsuite hostname="DESKTOP-40KEL8J" failures="0" tests="2" name="sss.Test_One_for_SmartBuy" time="1.991" errors="0" timestamp="2022-11-28T12:42:50 EET" skipped="0">
  <testcase classname="sss.Test_One_for_SmartBuy" name="SAMSUNG_50_inch" time="1.940"/>
  <system-out/>
  <testcase classname="sss.Test_One_for_SmartBuy" name="we_need_to_check_the_correct_price" time="0.051"/>
  <system-out/>
</testsuite> <!-- sss.Test_One_for_SmartBuy -->
